# JRE version: Java(TM) SE Runtime Environment (17.0.3.1+2) (build 17.0.3.1+2-LTS-6)
# Java VM: Java HotSpot(TM) 64-Bit Server VM (17.0.3.1+2-LTS-6, mixed mode, emulated-client, sharing, tiered, compressed oops, compressed class ptrs, g1 gc, windows-amd64)
GC Precious Log:
 CPUs: 4 total, 4 available
 Memory: 4030M
 Large Page Support: Disabled
 NUMA Support: Disabled
 Compressed Oops: Enabled (32-bit)
 Heap Region Size: 1M
 Heap Min Capacity: 8M
 Heap Initial Capacity: 64M
 Heap Max Capacity: 1008M
 Pre-touch: Disabled
 Parallel Workers: 4
 Concurrent Workers: 1
 Concurrent Refinement Workers: 4
 Periodic GC: Disabled
Heap:
 garbage-first heap   total 65536K, used 14262K [0x00000000c1000000, 0x0000000100000000)
  region size 1024K, 9 young (9216K), 3 survivors (3072K)
 Metaspace       used 10696K, committed 11008K, reserved 1064960K
  class space    used 1447K, committed 1600K, reserved 1048576K
GC Heap History (6 events):
Event: 3.973 GC heap before
{Heap before GC invocations=0 (full 0):
 garbage-first heap   total 65536K, used 13312K [0x00000000c1000000, 0x0000000100000000)
  region size 1024K, 13 young (13312K), 0 survivors (0K)
 Metaspace       used 5211K, committed 5376K, reserved 1056768K
  class space    used 598K, committed 704K, reserved 1048576K
}
Event: 3.997 GC heap after
{Heap after GC invocations=1 (full 0):
 garbage-first heap   total 65536K, used 6530K [0x00000000c1000000, 0x0000000100000000)
  region size 1024K, 2 young (2048K), 2 survivors (2048K)
 Metaspace       used 5211K, committed 5376K, reserved 1056768K
  class space    used 598K, committed 704K, reserved 1048576K
}
Event: 4.471 GC heap before
{Heap before GC invocations=1 (full 0):
 garbage-first heap   total 65536K, used 13698K [0x00000000c1000000, 0x0000000100000000)
  region size 1024K, 9 young (9216K), 2 survivors (2048K)
 Metaspace       used 6655K, committed 6848K, reserved 1056768K
  class space    used 795K, committed 896K, reserved 1048576K
}
Event: 4.495 GC heap after
{Heap after GC invocations=2 (full 0):
 garbage-first heap   total 65536K, used 8068K [0x00000000c1000000, 0x0000000100000000)
  region size 1024K, 2 young (2048K), 2 survivors (2048K)
 Metaspace       used 6655K, committed 6848K, reserved 1056768K
  class space    used 795K, committed 896K, reserved 1048576K
}
Event: 5.528 GC heap before
{Heap before GC invocations=2 (full 0):
 garbage-first heap   total 65536K, used 24452K [0x00000000c1000000, 0x0000000100000000)
  region size 1024K, 18 young (18432K), 2 survivors (2048K)
 Metaspace       used 9467K, committed 9728K, reserved 1064960K
  class space    used 1276K, committed 1408K, reserved 1048576K
}
Event: 5.532 GC heap after
{Heap after GC invocations=3 (full 0):
 garbage-first heap   total 65536K, used 9142K [0x00000000c1000000, 0x0000000100000000)
  region size 1024K, 3 young (3072K), 3 survivors (3072K)
 Metaspace       used 9467K, committed 9728K, reserved 1064960K
  class space    used 1276K, committed 1408K, reserved 1048576K
}

