# JRE version: Java(TM) SE Runtime Environment (17.0.3.1+2) (build 17.0.3.1+2-LTS-6)
# Java VM: Java HotSpot(TM) 64-Bit Server VM (17.0.3.1+2-LTS-6, mixed mode, emulated-client, sharing, tiered, compressed oops, compressed class ptrs, g1 gc, windows-amd64)
GC Precious Log:
 CPUs: 4 total, 4 available
 Memory: 4030M
 Large Page Support: Disabled
 NUMA Support: Disabled
 Compressed Oops: Enabled (32-bit)
 Heap Region Size: 1M
 Heap Min Capacity: 8M
 Heap Initial Capacity: 64M
 Heap Max Capacity: 1008M
 Pre-touch: Disabled
 Parallel Workers: 4
 Concurrent Workers: 1
 Concurrent Refinement Workers: 4
 Periodic GC: Disabled
Heap:
 garbage-first heap   total 65536K, used 8940K [0x00000000c1000000, 0x0000000100000000)
  region size 1024K, 4 young (4096K), 3 survivors (3072K)
 Metaspace       used 10123K, committed 10368K, reserved 1064960K
  class space    used 1387K, committed 1472K, reserved 1048576K
GC Heap History (6 events):
Event: 14.801 GC heap before
{Heap before GC invocations=0 (full 0):
 garbage-first heap   total 65536K, used 13312K [0x00000000c1000000, 0x0000000100000000)
  region size 1024K, 13 young (13312K), 0 survivors (0K)
 Metaspace       used 5121K, committed 5376K, reserved 1056768K
  class space    used 605K, committed 768K, reserved 1048576K
}
Event: 14.809 GC heap after
{Heap after GC invocations=1 (full 0):
 garbage-first heap   total 65536K, used 6464K [0x00000000c1000000, 0x0000000100000000)
  region size 1024K, 2 young (2048K), 2 survivors (2048K)
 Metaspace       used 5121K, committed 5376K, reserved 1056768K
  class space    used 605K, committed 768K, reserved 1048576K
}
Event: 20.115 GC heap before
{Heap before GC invocations=1 (full 0):
 garbage-first heap   total 65536K, used 13632K [0x00000000c1000000, 0x0000000100000000)
  region size 1024K, 9 young (9216K), 2 survivors (2048K)
 Metaspace       used 6559K, committed 6720K, reserved 1056768K
  class space    used 793K, committed 896K, reserved 1048576K
}
Event: 20.123 GC heap after
{Heap after GC invocations=2 (full 0):
 garbage-first heap   total 65536K, used 7704K [0x00000000c1000000, 0x0000000100000000)
  region size 1024K, 1 young (1024K), 1 survivors (1024K)
 Metaspace       used 6559K, committed 6720K, reserved 1056768K
  class space    used 793K, committed 896K, reserved 1048576K
}
Event: 33.142 GC heap before
{Heap before GC invocations=2 (full 0):
 garbage-first heap   total 65536K, used 27160K [0x00000000c1000000, 0x0000000100000000)
  region size 1024K, 20 young (20480K), 1 survivors (1024K)
 Metaspace       used 10079K, committed 10304K, reserved 1064960K
  class space    used 1377K, committed 1472K, reserved 1048576K
}
Event: 33.150 GC heap after
{Heap after GC invocations=3 (full 0):
 garbage-first heap   total 65536K, used 8940K [0x00000000c1000000, 0x0000000100000000)
  region size 1024K, 3 young (3072K), 3 survivors (3072K)
 Metaspace       used 10079K, committed 10304K, reserved 1064960K
  class space    used 1377K, committed 1472K, reserved 1048576K
}

